Build started 4/4/2015 11:07:41 PM.
     1>Project "F:\EEE102\Assignment2\Assignment2_EX1\Assignment2_EX1\Assignment2_EX1.vcxproj" on node 2 (build target(s)).
     1>InitializeBuildStatus:
         Creating "Debug\Assignment2_EX1.unsuccessfulbuild" because "AlwaysCreate" was specified.
       ClCompile:
         C:\Program Files\Microsoft Visual Studio 10.0\VC\bin\CL.exe /c /ZI /nologo /W3 /WX- /Od /Oy- /D WIN32 /D _DEBUG /D _CONSOLE /D _UNICODE /D UNICODE /Gm /EHsc /RTC1 /MDd /GS /fp:precise /Zc:wchar_t /Zc:forScope /Fo"Debug\\" /Fd"Debug\vc100.pdb" /Gd /TP /analyze- /errorReport:prompt "EXERCISE 1.cpp"
         EXERCISE 1.cpp
       ManifestResourceCompile:
         All outputs are up-to-date.
       Link:
         C:\Program Files\Microsoft Visual Studio 10.0\VC\bin\link.exe /ERRORREPORT:PROMPT /OUT:"F:\EEE102\Assignment2\Assignment2_EX1\Debug\Assignment2_EX1.exe" /INCREMENTAL /NOLOGO kernel32.lib user32.lib gdi32.lib winspool.lib comdlg32.lib advapi32.lib shell32.lib ole32.lib oleaut32.lib uuid.lib odbc32.lib odbccp32.lib /MANIFEST /ManifestFile:"Debug\Assignment2_EX1.exe.intermediate.manifest" /MANIFESTUAC:"level='asInvoker' uiAccess='false'" /DEBUG /PDB:"F:\EEE102\Assignment2\Assignment2_EX1\Debug\Assignment2_EX1.pdb" /SUBSYSTEM:CONSOLE /TLBID:1 /DYNAMICBASE /NXCOMPAT /IMPLIB:"F:\EEE102\Assignment2\Assignment2_EX1\Debug\Assignment2_EX1.lib" /MACHINE:X86 Debug\Assignment2_EX1.exe.embed.manifest.res
         "Debug\EXERCISE 1.obj"
       Manifest:
         C:\Program Files\Microsoft SDKs\Windows\v7.0A\bin\mt.exe /nologo /verbose /out:"Debug\Assignment2_EX1.exe.embed.manifest" /manifest Debug\Assignment2_EX1.exe.intermediate.manifest
         All outputs are up-to-date.
       LinkEmbedManifest:
         All outputs are up-to-date.
         Assignment2_EX1.vcxproj -> F:\EEE102\Assignment2\Assignment2_EX1\Debug\Assignment2_EX1.exe
       FinalizeBuildStatus:
         Deleting file "Debug\Assignment2_EX1.unsuccessfulbuild".
         Touching "Debug\Assignment2_EX1.lastbuildstate".
     1>Done Building Project "F:\EEE102\Assignment2\Assignment2_EX1\Assignment2_EX1\Assignment2_EX1.vcxproj" (build target(s)).

Build succeeded.

Time Elapsed 00:00:29.56
