Build started 5/29/2015 4:44:01 PM.
     1>Project "F:\EEE102\final\Final 1.1\Final 1.1\Final 1.1.vcxproj" on node 2 (build target(s)).
     1>InitializeBuildStatus:
         Creating "Debug\Final 1.1.unsuccessfulbuild" because "AlwaysCreate" was specified.
       ClCompile:
         C:\Program Files\Microsoft Visual Studio 10.0\VC\bin\CL.exe /c /ZI /nologo /W3 /WX- /Od /Oy- /D WIN32 /D _DEBUG /D _CONSOLE /D _UNICODE /D UNICODE /Gm /EHsc /RTC1 /MDd /GS /fp:precise /Zc:wchar_t /Zc:forScope /Fo"Debug\\" /Fd"Debug\vc100.pdb" /Gd /TP /analyze- /errorReport:prompt student.cpp
         student.cpp
       ManifestResourceCompile:
         All outputs are up-to-date.
       Link:
         C:\Program Files\Microsoft Visual Studio 10.0\VC\bin\link.exe /ERRORREPORT:PROMPT /OUT:"F:\EEE102\final\Final 1.1\Debug\Final 1.1.exe" /INCREMENTAL /NOLOGO kernel32.lib user32.lib gdi32.lib winspool.lib comdlg32.lib advapi32.lib shell32.lib ole32.lib oleaut32.lib uuid.lib odbc32.lib odbccp32.lib /MANIFEST /ManifestFile:"Debug\Final 1.1.exe.intermediate.manifest" /MANIFESTUAC:"level='asInvoker' uiAccess='false'" /DEBUG /PDB:"F:\EEE102\final\Final 1.1\Debug\Final 1.1.pdb" /SUBSYSTEM:CONSOLE /TLBID:1 /DYNAMICBASE /NXCOMPAT /IMPLIB:"F:\EEE102\final\Final 1.1\Debug\Final 1.1.lib" /MACHINE:X86 "Debug\Final 1.1.exe.embed.manifest.res"
         Debug\administrator.obj
         Debug\course.obj
         Debug\input.obj
         Debug\main11.obj
         Debug\menu.obj
         Debug\student.obj
       Manifest:
         C:\Program Files\Microsoft SDKs\Windows\v7.0A\bin\mt.exe /nologo /verbose /out:"Debug\Final 1.1.exe.embed.manifest" /manifest "Debug\Final 1.1.exe.intermediate.manifest"
         All outputs are up-to-date.
       LinkEmbedManifest:
         All outputs are up-to-date.
         Final 1.1.vcxproj -> F:\EEE102\final\Final 1.1\Debug\Final 1.1.exe
       FinalizeBuildStatus:
         Deleting file "Debug\Final 1.1.unsuccessfulbuild".
         Touching "Debug\Final 1.1.lastbuildstate".
     1>Done Building Project "F:\EEE102\final\Final 1.1\Final 1.1\Final 1.1.vcxproj" (build target(s)).

Build succeeded.

Time Elapsed 00:00:35.93
