Build started 3/23/2015 1:45:04 AM.
     1>Project "C:\Users\Junming.Zhang13\Desktop\Assignment1_EX3.2\Assignment1_EX3.2\Assignment1_EX3.2.vcxproj" on node 2 (build target(s)).
     1>InitializeBuildStatus:
         Touching "Debug\Assignment1_EX3.2.unsuccessfulbuild".
       ClCompile:
         C:\Program Files\Microsoft Visual Studio 10.0\VC\bin\CL.exe /c /ZI /nologo /W3 /WX- /Od /Oy- /D WIN32 /D _DEBUG /D _CONSOLE /D _UNICODE /D UNICODE /Gm /EHsc /RTC1 /MDd /GS /fp:precise /Zc:wchar_t /Zc:forScope /Fo"Debug\\" /Fd"Debug\vc100.pdb" /Gd /TP /analyze- /errorReport:prompt "EXERCISE 3(2).cpp"
         EXERCISE 3(2).cpp
       ManifestResourceCompile:
         All outputs are up-to-date.
       Link:
         C:\Program Files\Microsoft Visual Studio 10.0\VC\bin\link.exe /ERRORREPORT:PROMPT /OUT:"C:\Users\Junming.Zhang13\Desktop\Assignment1_EX3.2\Debug\Assignment1_EX3.2.exe" /INCREMENTAL /NOLOGO kernel32.lib user32.lib gdi32.lib winspool.lib comdlg32.lib advapi32.lib shell32.lib ole32.lib oleaut32.lib uuid.lib odbc32.lib odbccp32.lib /MANIFEST /ManifestFile:"Debug\Assignment1_EX3.2.exe.intermediate.manifest" /MANIFESTUAC:"level='asInvoker' uiAccess='false'" /DEBUG /PDB:"C:\Users\Junming.Zhang13\Desktop\Assignment1_EX3.2\Debug\Assignment1_EX3.2.pdb" /SUBSYSTEM:CONSOLE /TLBID:1 /DYNAMICBASE /NXCOMPAT /IMPLIB:"C:\Users\Junming.Zhang13\Desktop\Assignment1_EX3.2\Debug\Assignment1_EX3.2.lib" /MACHINE:X86 Debug\Assignment1_EX3.2.exe.embed.manifest.res
         "Debug\EXERCISE 3(2).obj"
       Manifest:
         C:\Program Files\Microsoft SDKs\Windows\v7.0A\bin\mt.exe /nologo /verbose /out:"Debug\Assignment1_EX3.2.exe.embed.manifest" /manifest Debug\Assignment1_EX3.2.exe.intermediate.manifest
         C:\Program Files\Microsoft SDKs\Windows\v7.0A\bin\rc.exe /nologo /fo"Debug\Assignment1_EX3.2.exe.embed.manifest.res" Debug\Assignment1_EX3.2_manifest.rc 
       LinkEmbedManifest:
         C:\Program Files\Microsoft Visual Studio 10.0\VC\bin\link.exe /ERRORREPORT:PROMPT /OUT:"C:\Users\Junming.Zhang13\Desktop\Assignment1_EX3.2\Debug\Assignment1_EX3.2.exe" /INCREMENTAL /NOLOGO kernel32.lib user32.lib gdi32.lib winspool.lib comdlg32.lib advapi32.lib shell32.lib ole32.lib oleaut32.lib uuid.lib odbc32.lib odbccp32.lib /MANIFEST /ManifestFile:"Debug\Assignment1_EX3.2.exe.intermediate.manifest" /MANIFESTUAC:"level='asInvoker' uiAccess='false'" /DEBUG /PDB:"C:\Users\Junming.Zhang13\Desktop\Assignment1_EX3.2\Debug\Assignment1_EX3.2.pdb" /SUBSYSTEM:CONSOLE /TLBID:1 /DYNAMICBASE /NXCOMPAT /IMPLIB:"C:\Users\Junming.Zhang13\Desktop\Assignment1_EX3.2\Debug\Assignment1_EX3.2.lib" /MACHINE:X86 Debug\Assignment1_EX3.2.exe.embed.manifest.res
         "Debug\EXERCISE 3(2).obj"
         Assignment1_EX3.2.vcxproj -> C:\Users\Junming.Zhang13\Desktop\Assignment1_EX3.2\Debug\Assignment1_EX3.2.exe
       FinalizeBuildStatus:
         Deleting file "Debug\Assignment1_EX3.2.unsuccessfulbuild".
         Touching "Debug\Assignment1_EX3.2.lastbuildstate".
     1>Done Building Project "C:\Users\Junming.Zhang13\Desktop\Assignment1_EX3.2\Assignment1_EX3.2\Assignment1_EX3.2.vcxproj" (build target(s)).

Build succeeded.

Time Elapsed 00:00:01.04
